2017-12-04 00:01:09.8479||Microsoft.AspNetCore.DataProtection.KeyManagement.XmlKeyManager|INFO|User profile is available. Using 'C:\Users\DGreen\AppData\Local\ASP.NET\DataProtection-Keys' as key repository and Windows DPAPI to encrypt keys at rest. 
2017-12-04 00:01:12.2988||Microsoft.EntityFrameworkCore.Infrastructure|INFO|Entity Framework Core 2.0.1-rtm-125 initialized 'LibraryContext' using provider 'Microsoft.EntityFrameworkCore.SqlServer' with options: None 
2017-12-04 00:01:12.5515||Microsoft.EntityFrameworkCore.Database.Command|INFO|Executed DbCommand (14ms) [Parameters=[], CommandType='Text', CommandTimeout='30']
SELECT OBJECT_ID(N'__EFMigrationsHistory'); 
2017-12-04 00:01:12.6156||Microsoft.EntityFrameworkCore.Database.Command|INFO|Executed DbCommand (1ms) [Parameters=[], CommandType='Text', CommandTimeout='30']
SELECT OBJECT_ID(N'__EFMigrationsHistory'); 
2017-12-04 00:01:12.6461||Microsoft.EntityFrameworkCore.Database.Command|INFO|Executed DbCommand (2ms) [Parameters=[], CommandType='Text', CommandTimeout='30']
SELECT [MigrationId], [ProductVersion]
FROM [__EFMigrationsHistory]
ORDER BY [MigrationId]; 
2017-12-04 00:01:12.6751||Microsoft.EntityFrameworkCore.Migrations|INFO|No migrations were applied. The database is already up to date. 
2017-12-04 00:01:13.1700||Microsoft.EntityFrameworkCore.Database.Command|INFO|Executed DbCommand (1ms) [Parameters=[], CommandType='Text', CommandTimeout='30']
SELECT [a].[Id], [a].[DateOfBirth], [a].[FirstName], [a].[Genre], [a].[LastName]
FROM [Authors] AS [a] 
2017-12-04 00:01:13.5604||Microsoft.EntityFrameworkCore.Database.Command|INFO|Executed DbCommand (62ms) [Parameters=[@p0='?', @p1='?', @p2='?', @p3='?', @p4='?', @p5='?'], CommandType='Text', CommandTimeout='30']
SET NOCOUNT ON;
DELETE FROM [Authors]
WHERE [Id] = @p0;
SELECT @@ROWCOUNT;

DELETE FROM [Authors]
WHERE [Id] = @p1;
SELECT @@ROWCOUNT;

DELETE FROM [Authors]
WHERE [Id] = @p2;
SELECT @@ROWCOUNT;

DELETE FROM [Authors]
WHERE [Id] = @p3;
SELECT @@ROWCOUNT;

DELETE FROM [Authors]
WHERE [Id] = @p4;
SELECT @@ROWCOUNT;

DELETE FROM [Authors]
WHERE [Id] = @p5;
SELECT @@ROWCOUNT; 
2017-12-04 00:01:13.7017||Microsoft.EntityFrameworkCore.Database.Command|INFO|Executed DbCommand (3ms) [Parameters=[@p0='?', @p1='?', @p2='?' (Size = 50), @p3='?' (Size = 50), @p4='?' (Size = 50), @p5='?', @p6='?', @p7='?' (Size = 50), @p8='?' (Size = 50), @p9='?' (Size = 50), @p10='?', @p11='?', @p12='?' (Size = 50), @p13='?' (Size = 50), @p14='?' (Size = 50), @p15='?', @p16='?', @p17='?' (Size = 50), @p18='?' (Size = 50), @p19='?' (Size = 50), @p20='?', @p21='?', @p22='?' (Size = 50), @p23='?' (Size = 50), @p24='?' (Size = 50), @p25='?', @p26='?', @p27='?' (Size = 50), @p28='?' (Size = 50), @p29='?' (Size = 50)], CommandType='Text', CommandTimeout='30']
SET NOCOUNT ON;
INSERT INTO [Authors] ([Id], [DateOfBirth], [FirstName], [Genre], [LastName])
VALUES (@p0, @p1, @p2, @p3, @p4),
(@p5, @p6, @p7, @p8, @p9),
(@p10, @p11, @p12, @p13, @p14),
(@p15, @p16, @p17, @p18, @p19),
(@p20, @p21, @p22, @p23, @p24),
(@p25, @p26, @p27, @p28, @p29); 
2017-12-04 00:01:13.7017||Microsoft.EntityFrameworkCore.Database.Command|INFO|Executed DbCommand (4ms) [Parameters=[@p30='?', @p31='?', @p32='?' (Size = 500), @p33='?' (Size = 100), @p34='?', @p35='?', @p36='?' (Size = 500), @p37='?' (Size = 100), @p38='?', @p39='?', @p40='?' (Size = 500), @p41='?' (Size = 100), @p42='?', @p43='?', @p44='?' (Size = 500), @p45='?' (Size = 100), @p46='?', @p47='?', @p48='?' (Size = 500), @p49='?' (Size = 100), @p50='?', @p51='?', @p52='?' (Size = 500), @p53='?' (Size = 100), @p54='?', @p55='?', @p56='?' (Size = 500), @p57='?' (Size = 100), @p58='?', @p59='?', @p60='?' (Size = 500), @p61='?' (Size = 100), @p62='?', @p63='?', @p64='?' (Size = 500), @p65='?' (Size = 100), @p66='?', @p67='?', @p68='?' (Size = 500), @p69='?' (Size = 100), @p70='?', @p71='?', @p72='?' (Size = 500), @p73='?' (Size = 100)], CommandType='Text', CommandTimeout='30']
SET NOCOUNT ON;
INSERT INTO [Books] ([Id], [AuthorId], [Description], [Title])
VALUES (@p30, @p31, @p32, @p33),
(@p34, @p35, @p36, @p37),
(@p38, @p39, @p40, @p41),
(@p42, @p43, @p44, @p45),
(@p46, @p47, @p48, @p49),
(@p50, @p51, @p52, @p53),
(@p54, @p55, @p56, @p57),
(@p58, @p59, @p60, @p61),
(@p62, @p63, @p64, @p65),
(@p66, @p67, @p68, @p69),
(@p70, @p71, @p72, @p73); 
2017-12-04 00:03:08.7723||Microsoft.AspNetCore.Hosting.Internal.WebHost|INFO|Request starting HTTP/1.1 DELETE http://localhost:5000/api/authors/f74d6899-9ed2-4137-9876-66b070553f8f/books/e57b605f-8b3c-4089-b672-6ce9e6d6c23f  0 
2017-12-04 00:03:09.2736||Microsoft.AspNetCore.Mvc.Internal.ControllerActionInvoker|INFO|Executing action method Library.API.Controllers.BooksController.DeleteBookForAuthor (Library.API) with arguments (f74d6899-9ed2-4137-9876-66b070553f8f, e57b605f-8b3c-4089-b672-6ce9e6d6c23f) - ModelState is Valid 
2017-12-04 00:03:14.4827||Microsoft.EntityFrameworkCore.Infrastructure|INFO|Entity Framework Core 2.0.1-rtm-125 initialized 'LibraryContext' using provider 'Microsoft.EntityFrameworkCore.SqlServer' with options: None 
2017-12-04 00:03:14.7981||Microsoft.EntityFrameworkCore.Database.Command|INFO|Executed DbCommand (2ms) [Parameters=[@__authorId_0='?'], CommandType='Text', CommandTimeout='30']
SELECT CASE
    WHEN EXISTS (
        SELECT 1
        FROM [Authors] AS [a]
        WHERE [a].[Id] = @__authorId_0)
    THEN CAST(1 AS BIT) ELSE CAST(0 AS BIT)
END 
2017-12-04 00:03:14.8405||Microsoft.EntityFrameworkCore.Database.Command|INFO|Executed DbCommand (1ms) [Parameters=[@__authorId_0='?', @__bookId_1='?'], CommandType='Text', CommandTimeout='30']
SELECT TOP(1) [b].[Id], [b].[AuthorId], [b].[Description], [b].[Title]
FROM [Books] AS [b]
WHERE ([b].[AuthorId] = @__authorId_0) AND ([b].[Id] = @__bookId_1) 
2017-12-04 00:03:14.8611||Microsoft.EntityFrameworkCore.Database.Command|INFO|Executed DbCommand (1ms) [Parameters=[@p0='?'], CommandType='Text', CommandTimeout='30']
SET NOCOUNT ON;
DELETE FROM [Books]
WHERE [Id] = @p0;
SELECT @@ROWCOUNT; 
2017-12-04 00:03:14.8611||Library.API.Controllers.BooksController|INFO|Book e57b605f-8b3c-4089-b672-6ce9e6d6c23f for author f74d6899-9ed2-4137-9876-66b070553f8f was deleted 
2017-12-04 00:03:14.8795||Microsoft.AspNetCore.Mvc.StatusCodeResult|INFO|Executing HttpStatusCodeResult, setting HTTP status code 204 
2017-12-04 00:03:14.8952||Microsoft.AspNetCore.Mvc.Internal.ControllerActionInvoker|INFO|Executed action Library.API.Controllers.BooksController.DeleteBookForAuthor (Library.API) in 5679.4429ms 
2017-12-04 00:03:14.9124||Microsoft.AspNetCore.Hosting.Internal.WebHost|INFO|Request finished in 6147.5696ms 204  
