2017-12-21 22:44:09.2550||Microsoft.AspNetCore.DataProtection.KeyManagement.XmlKeyManager|INFO|User profile is available. Using 'C:\Users\DGreen\AppData\Local\ASP.NET\DataProtection-Keys' as key repository and Windows DPAPI to encrypt keys at rest. 
2017-12-21 22:44:14.2281||Microsoft.EntityFrameworkCore.Infrastructure|INFO|Entity Framework Core 2.0.1-rtm-125 initialized 'LibraryContext' using provider 'Microsoft.EntityFrameworkCore.SqlServer' with options: None 
2017-12-21 22:44:17.9734||Microsoft.EntityFrameworkCore.Database.Command|INFO|Executed DbCommand (270ms) [Parameters=[], CommandType='Text', CommandTimeout='30']
SELECT OBJECT_ID(N'__EFMigrationsHistory'); 
2017-12-21 22:44:18.0472||Microsoft.EntityFrameworkCore.Database.Command|INFO|Executed DbCommand (33ms) [Parameters=[], CommandType='Text', CommandTimeout='30']
SELECT OBJECT_ID(N'__EFMigrationsHistory'); 
2017-12-21 22:44:19.0357||Microsoft.EntityFrameworkCore.Database.Command|INFO|Executed DbCommand (941ms) [Parameters=[], CommandType='Text', CommandTimeout='30']
SELECT [MigrationId], [ProductVersion]
FROM [__EFMigrationsHistory]
ORDER BY [MigrationId]; 
2017-12-21 22:44:19.0765||Microsoft.EntityFrameworkCore.Migrations|INFO|No migrations were applied. The database is already up to date. 
2017-12-21 22:44:20.1985||Microsoft.EntityFrameworkCore.Database.Command|INFO|Executed DbCommand (191ms) [Parameters=[], CommandType='Text', CommandTimeout='30']
SELECT [a].[Id], [a].[DateOfBirth], [a].[FirstName], [a].[Genre], [a].[LastName]
FROM [Authors] AS [a] 
2017-12-21 22:44:21.9667||Microsoft.EntityFrameworkCore.Database.Command|INFO|Executed DbCommand (273ms) [Parameters=[@p0='?', @p1='?', @p2='?', @p3='?', @p4='?', @p5='?'], CommandType='Text', CommandTimeout='30']
SET NOCOUNT ON;
DELETE FROM [Authors]
WHERE [Id] = @p0;
SELECT @@ROWCOUNT;

DELETE FROM [Authors]
WHERE [Id] = @p1;
SELECT @@ROWCOUNT;

DELETE FROM [Authors]
WHERE [Id] = @p2;
SELECT @@ROWCOUNT;

DELETE FROM [Authors]
WHERE [Id] = @p3;
SELECT @@ROWCOUNT;

DELETE FROM [Authors]
WHERE [Id] = @p4;
SELECT @@ROWCOUNT;

DELETE FROM [Authors]
WHERE [Id] = @p5;
SELECT @@ROWCOUNT; 
2017-12-21 22:44:22.3995||Microsoft.EntityFrameworkCore.Database.Command|INFO|Executed DbCommand (246ms) [Parameters=[@p0='?', @p1='?', @p2='?' (Size = 50), @p3='?' (Size = 50), @p4='?' (Size = 50), @p5='?', @p6='?', @p7='?' (Size = 50), @p8='?' (Size = 50), @p9='?' (Size = 50), @p10='?', @p11='?', @p12='?' (Size = 50), @p13='?' (Size = 50), @p14='?' (Size = 50), @p15='?', @p16='?', @p17='?' (Size = 50), @p18='?' (Size = 50), @p19='?' (Size = 50), @p20='?', @p21='?', @p22='?' (Size = 50), @p23='?' (Size = 50), @p24='?' (Size = 50), @p25='?', @p26='?', @p27='?' (Size = 50), @p28='?' (Size = 50), @p29='?' (Size = 50)], CommandType='Text', CommandTimeout='30']
SET NOCOUNT ON;
INSERT INTO [Authors] ([Id], [DateOfBirth], [FirstName], [Genre], [LastName])
VALUES (@p0, @p1, @p2, @p3, @p4),
(@p5, @p6, @p7, @p8, @p9),
(@p10, @p11, @p12, @p13, @p14),
(@p15, @p16, @p17, @p18, @p19),
(@p20, @p21, @p22, @p23, @p24),
(@p25, @p26, @p27, @p28, @p29); 
2017-12-21 22:44:22.5289||Microsoft.EntityFrameworkCore.Database.Command|INFO|Executed DbCommand (120ms) [Parameters=[@p30='?', @p31='?', @p32='?' (Size = 500), @p33='?' (Size = 100), @p34='?', @p35='?', @p36='?' (Size = 500), @p37='?' (Size = 100), @p38='?', @p39='?', @p40='?' (Size = 500), @p41='?' (Size = 100), @p42='?', @p43='?', @p44='?' (Size = 500), @p45='?' (Size = 100), @p46='?', @p47='?', @p48='?' (Size = 500), @p49='?' (Size = 100), @p50='?', @p51='?', @p52='?' (Size = 500), @p53='?' (Size = 100), @p54='?', @p55='?', @p56='?' (Size = 500), @p57='?' (Size = 100), @p58='?', @p59='?', @p60='?' (Size = 500), @p61='?' (Size = 100), @p62='?', @p63='?', @p64='?' (Size = 500), @p65='?' (Size = 100), @p66='?', @p67='?', @p68='?' (Size = 500), @p69='?' (Size = 100), @p70='?', @p71='?', @p72='?' (Size = 500), @p73='?' (Size = 100)], CommandType='Text', CommandTimeout='30']
SET NOCOUNT ON;
INSERT INTO [Books] ([Id], [AuthorId], [Description], [Title])
VALUES (@p30, @p31, @p32, @p33),
(@p34, @p35, @p36, @p37),
(@p38, @p39, @p40, @p41),
(@p42, @p43, @p44, @p45),
(@p46, @p47, @p48, @p49),
(@p50, @p51, @p52, @p53),
(@p54, @p55, @p56, @p57),
(@p58, @p59, @p60, @p61),
(@p62, @p63, @p64, @p65),
(@p66, @p67, @p68, @p69),
(@p70, @p71, @p72, @p73); 
2017-12-21 22:46:40.3215||Microsoft.AspNetCore.Hosting.Internal.WebHost|INFO|Request starting HTTP/1.1 GET http://localhost:5000/api/authors?orderBy=dateOfBirth   
2017-12-21 22:46:41.5096||Microsoft.AspNetCore.Mvc.Internal.ControllerActionInvoker|INFO|Executing action method Library.API.Controllers.AuthorsController.GetAuthors (Library.API) with arguments (Library.Shared.AuthorsResourceParameters) - ModelState is Valid 
2017-12-21 22:46:54.6189||Microsoft.AspNetCore.Mvc.StatusCodeResult|INFO|Executing HttpStatusCodeResult, setting HTTP status code 400 
2017-12-21 22:46:54.6432||Microsoft.AspNetCore.Mvc.Internal.ControllerActionInvoker|INFO|Executed action Library.API.Controllers.AuthorsController.GetAuthors (Library.API) in 13270.7052ms 
2017-12-21 22:46:54.6789||Microsoft.AspNetCore.Hosting.Internal.WebHost|INFO|Request finished in 14366.1649ms 400  
2017-12-21 22:47:02.4398||Microsoft.AspNetCore.Hosting.Internal.WebHost|INFO|Request starting HTTP/1.1 GET http://localhost:5000/api/authors?orderBy=genre   
2017-12-21 22:47:02.4659||Microsoft.AspNetCore.Mvc.Internal.ControllerActionInvoker|INFO|Executing action method Library.API.Controllers.AuthorsController.GetAuthors (Library.API) with arguments (Library.Shared.AuthorsResourceParameters) - ModelState is Valid 
2017-12-21 22:47:10.1240||Microsoft.EntityFrameworkCore.Infrastructure|INFO|Entity Framework Core 2.0.1-rtm-125 initialized 'LibraryContext' using provider 'Microsoft.EntityFrameworkCore.SqlServer' with options: None 
2017-12-21 22:47:10.6127||Microsoft.EntityFrameworkCore.Database.Command|INFO|Executed DbCommand (161ms) [Parameters=[], CommandType='Text', CommandTimeout='30']
SELECT COUNT(*)
FROM [Authors] AS [a] 
2017-12-21 22:47:10.8490||Microsoft.EntityFrameworkCore.Database.Command|INFO|Executed DbCommand (135ms) [Parameters=[@__p_0='?', @__p_1='?'], CommandType='Text', CommandTimeout='30']
SELECT [a].[Id], [a].[DateOfBirth], [a].[FirstName], [a].[Genre], [a].[LastName]
FROM [Authors] AS [a]
ORDER BY [a].[FirstName], [a].[LastName]
OFFSET @__p_0 ROWS FETCH NEXT @__p_1 ROWS ONLY 
2017-12-21 22:47:11.2017||Microsoft.AspNetCore.Mvc.Internal.ObjectResultExecutor|INFO|Executing ObjectResult, writing value Microsoft.AspNetCore.Mvc.ControllerContext. 
2017-12-21 22:47:11.2963||Microsoft.AspNetCore.Mvc.Internal.ControllerActionInvoker|INFO|Executed action Library.API.Controllers.AuthorsController.GetAuthors (Library.API) in 8846.8546ms 
2017-12-21 22:47:11.3183||Microsoft.AspNetCore.Hosting.Internal.WebHost|INFO|Request finished in 8878.6304ms 200 application/json; charset=utf-8 
2017-12-21 22:47:36.9395||Microsoft.AspNetCore.Hosting.Internal.WebHost|INFO|Request starting HTTP/1.1 GET http://localhost:5000/api/authors?orderBy=age,genre%20desc   
2017-12-21 22:47:36.9813||Microsoft.AspNetCore.Mvc.Internal.ControllerActionInvoker|INFO|Executing action method Library.API.Controllers.AuthorsController.GetAuthors (Library.API) with arguments (Library.Shared.AuthorsResourceParameters) - ModelState is Valid 
2017-12-21 22:47:36.9959||Microsoft.EntityFrameworkCore.Infrastructure|INFO|Entity Framework Core 2.0.1-rtm-125 initialized 'LibraryContext' using provider 'Microsoft.EntityFrameworkCore.SqlServer' with options: None 
2017-12-21 22:47:37.0313||Microsoft.EntityFrameworkCore.Database.Command|INFO|Executed DbCommand (3ms) [Parameters=[], CommandType='Text', CommandTimeout='30']
SELECT COUNT(*)
FROM [Authors] AS [a] 
2017-12-21 22:47:37.0408||Microsoft.EntityFrameworkCore.Database.Command|INFO|Executed DbCommand (2ms) [Parameters=[@__p_0='?', @__p_1='?'], CommandType='Text', CommandTimeout='30']
SELECT [a].[Id], [a].[DateOfBirth], [a].[FirstName], [a].[Genre], [a].[LastName]
FROM [Authors] AS [a]
ORDER BY [a].[FirstName], [a].[LastName]
OFFSET @__p_0 ROWS FETCH NEXT @__p_1 ROWS ONLY 
2017-12-21 22:47:37.0408||Microsoft.AspNetCore.Mvc.Internal.ObjectResultExecutor|INFO|Executing ObjectResult, writing value Microsoft.AspNetCore.Mvc.ControllerContext. 
2017-12-21 22:47:37.0663||Microsoft.AspNetCore.Mvc.Internal.ControllerActionInvoker|INFO|Executed action Library.API.Controllers.AuthorsController.GetAuthors (Library.API) in 85.3245ms 
2017-12-21 22:47:37.0739||Microsoft.AspNetCore.Hosting.Internal.WebHost|INFO|Request finished in 134.4418ms 200 application/json; charset=utf-8 
2017-12-21 22:48:14.2062||Microsoft.AspNetCore.Hosting.Internal.WebHost|INFO|Request starting HTTP/1.1 GET http://localhost:5000/api/authors?orderBy=genre   
2017-12-21 22:48:14.2234||Microsoft.AspNetCore.Mvc.Internal.ControllerActionInvoker|INFO|Executing action method Library.API.Controllers.AuthorsController.GetAuthors (Library.API) with arguments (Library.Shared.AuthorsResourceParameters) - ModelState is Valid 
2017-12-21 22:48:14.2542||Microsoft.EntityFrameworkCore.Infrastructure|INFO|Entity Framework Core 2.0.1-rtm-125 initialized 'LibraryContext' using provider 'Microsoft.EntityFrameworkCore.SqlServer' with options: None 
2017-12-21 22:48:14.2861||Microsoft.EntityFrameworkCore.Database.Command|INFO|Executed DbCommand (0ms) [Parameters=[], CommandType='Text', CommandTimeout='30']
SELECT COUNT(*)
FROM [Authors] AS [a] 
2017-12-21 22:48:14.2913||Microsoft.EntityFrameworkCore.Database.Command|INFO|Executed DbCommand (0ms) [Parameters=[@__p_0='?', @__p_1='?'], CommandType='Text', CommandTimeout='30']
SELECT [a].[Id], [a].[DateOfBirth], [a].[FirstName], [a].[Genre], [a].[LastName]
FROM [Authors] AS [a]
ORDER BY [a].[FirstName], [a].[LastName]
OFFSET @__p_0 ROWS FETCH NEXT @__p_1 ROWS ONLY 
2017-12-21 22:48:14.3027||Microsoft.AspNetCore.Mvc.Internal.ObjectResultExecutor|INFO|Executing ObjectResult, writing value Microsoft.AspNetCore.Mvc.ControllerContext. 
2017-12-21 22:48:14.3027||Microsoft.AspNetCore.Mvc.Internal.ControllerActionInvoker|INFO|Executed action Library.API.Controllers.AuthorsController.GetAuthors (Library.API) in 87.6568ms 
2017-12-21 22:48:14.3219||Microsoft.AspNetCore.Hosting.Internal.WebHost|INFO|Request finished in 115.7709ms 200 application/json; charset=utf-8 
2017-12-21 22:52:13.1871||Microsoft.AspNetCore.Hosting.Internal.WebHost|INFO|Request starting HTTP/1.1 GET http://localhost:5000/api/authors?orderBy=name%20desc   
2017-12-21 22:52:13.2189||Microsoft.AspNetCore.Mvc.Internal.ControllerActionInvoker|INFO|Executing action method Library.API.Controllers.AuthorsController.GetAuthors (Library.API) with arguments (Library.Shared.AuthorsResourceParameters) - ModelState is Valid 
2017-12-21 22:52:17.3058||Microsoft.EntityFrameworkCore.Infrastructure|INFO|Entity Framework Core 2.0.1-rtm-125 initialized 'LibraryContext' using provider 'Microsoft.EntityFrameworkCore.SqlServer' with options: None 
2017-12-21 22:52:17.3233||Microsoft.EntityFrameworkCore.Database.Command|INFO|Executed DbCommand (2ms) [Parameters=[], CommandType='Text', CommandTimeout='30']
SELECT COUNT(*)
FROM [Authors] AS [a] 
2017-12-21 22:52:17.3331||Microsoft.EntityFrameworkCore.Database.Command|INFO|Executed DbCommand (2ms) [Parameters=[@__p_0='?', @__p_1='?'], CommandType='Text', CommandTimeout='30']
SELECT [a].[Id], [a].[DateOfBirth], [a].[FirstName], [a].[Genre], [a].[LastName]
FROM [Authors] AS [a]
ORDER BY [a].[FirstName], [a].[LastName]
OFFSET @__p_0 ROWS FETCH NEXT @__p_1 ROWS ONLY 
2017-12-21 22:52:17.3331||Microsoft.AspNetCore.Mvc.Internal.ObjectResultExecutor|INFO|Executing ObjectResult, writing value Microsoft.AspNetCore.Mvc.ControllerContext. 
2017-12-21 22:52:17.3331||Microsoft.AspNetCore.Mvc.Internal.ControllerActionInvoker|INFO|Executed action Library.API.Controllers.AuthorsController.GetAuthors (Library.API) in 4126.1131ms 
2017-12-21 22:52:17.3552||Microsoft.AspNetCore.Hosting.Internal.WebHost|INFO|Request finished in 4168.0899ms 200 application/json; charset=utf-8 
2017-12-21 22:57:34.0885||Microsoft.AspNetCore.DataProtection.KeyManagement.XmlKeyManager|INFO|User profile is available. Using 'C:\Users\DGreen\AppData\Local\ASP.NET\DataProtection-Keys' as key repository and Windows DPAPI to encrypt keys at rest. 
2017-12-21 22:57:36.3435||Microsoft.EntityFrameworkCore.Infrastructure|INFO|Entity Framework Core 2.0.1-rtm-125 initialized 'LibraryContext' using provider 'Microsoft.EntityFrameworkCore.SqlServer' with options: None 
2017-12-21 22:57:36.6717||Microsoft.EntityFrameworkCore.Database.Command|INFO|Executed DbCommand (16ms) [Parameters=[], CommandType='Text', CommandTimeout='30']
SELECT OBJECT_ID(N'__EFMigrationsHistory'); 
2017-12-21 22:57:36.6941||Microsoft.EntityFrameworkCore.Database.Command|INFO|Executed DbCommand (2ms) [Parameters=[], CommandType='Text', CommandTimeout='30']
SELECT OBJECT_ID(N'__EFMigrationsHistory'); 
2017-12-21 22:57:36.7392||Microsoft.EntityFrameworkCore.Database.Command|INFO|Executed DbCommand (2ms) [Parameters=[], CommandType='Text', CommandTimeout='30']
SELECT [MigrationId], [ProductVersion]
FROM [__EFMigrationsHistory]
ORDER BY [MigrationId]; 
2017-12-21 22:57:36.7763||Microsoft.EntityFrameworkCore.Migrations|INFO|No migrations were applied. The database is already up to date. 
2017-12-21 22:57:37.2596||Microsoft.EntityFrameworkCore.Database.Command|INFO|Executed DbCommand (1ms) [Parameters=[], CommandType='Text', CommandTimeout='30']
SELECT [a].[Id], [a].[DateOfBirth], [a].[FirstName], [a].[Genre], [a].[LastName]
FROM [Authors] AS [a] 
2017-12-21 22:57:37.6766||Microsoft.EntityFrameworkCore.Database.Command|INFO|Executed DbCommand (104ms) [Parameters=[@p0='?', @p1='?', @p2='?', @p3='?', @p4='?', @p5='?'], CommandType='Text', CommandTimeout='30']
SET NOCOUNT ON;
DELETE FROM [Authors]
WHERE [Id] = @p0;
SELECT @@ROWCOUNT;

DELETE FROM [Authors]
WHERE [Id] = @p1;
SELECT @@ROWCOUNT;

DELETE FROM [Authors]
WHERE [Id] = @p2;
SELECT @@ROWCOUNT;

DELETE FROM [Authors]
WHERE [Id] = @p3;
SELECT @@ROWCOUNT;

DELETE FROM [Authors]
WHERE [Id] = @p4;
SELECT @@ROWCOUNT;

DELETE FROM [Authors]
WHERE [Id] = @p5;
SELECT @@ROWCOUNT; 
2017-12-21 22:57:37.8780||Microsoft.EntityFrameworkCore.Database.Command|INFO|Executed DbCommand (6ms) [Parameters=[@p0='?', @p1='?', @p2='?' (Size = 50), @p3='?' (Size = 50), @p4='?' (Size = 50), @p5='?', @p6='?', @p7='?' (Size = 50), @p8='?' (Size = 50), @p9='?' (Size = 50), @p10='?', @p11='?', @p12='?' (Size = 50), @p13='?' (Size = 50), @p14='?' (Size = 50), @p15='?', @p16='?', @p17='?' (Size = 50), @p18='?' (Size = 50), @p19='?' (Size = 50), @p20='?', @p21='?', @p22='?' (Size = 50), @p23='?' (Size = 50), @p24='?' (Size = 50), @p25='?', @p26='?', @p27='?' (Size = 50), @p28='?' (Size = 50), @p29='?' (Size = 50)], CommandType='Text', CommandTimeout='30']
SET NOCOUNT ON;
INSERT INTO [Authors] ([Id], [DateOfBirth], [FirstName], [Genre], [LastName])
VALUES (@p0, @p1, @p2, @p3, @p4),
(@p5, @p6, @p7, @p8, @p9),
(@p10, @p11, @p12, @p13, @p14),
(@p15, @p16, @p17, @p18, @p19),
(@p20, @p21, @p22, @p23, @p24),
(@p25, @p26, @p27, @p28, @p29); 
2017-12-21 22:57:37.8962||Microsoft.EntityFrameworkCore.Database.Command|INFO|Executed DbCommand (7ms) [Parameters=[@p30='?', @p31='?', @p32='?' (Size = 500), @p33='?' (Size = 100), @p34='?', @p35='?', @p36='?' (Size = 500), @p37='?' (Size = 100), @p38='?', @p39='?', @p40='?' (Size = 500), @p41='?' (Size = 100), @p42='?', @p43='?', @p44='?' (Size = 500), @p45='?' (Size = 100), @p46='?', @p47='?', @p48='?' (Size = 500), @p49='?' (Size = 100), @p50='?', @p51='?', @p52='?' (Size = 500), @p53='?' (Size = 100), @p54='?', @p55='?', @p56='?' (Size = 500), @p57='?' (Size = 100), @p58='?', @p59='?', @p60='?' (Size = 500), @p61='?' (Size = 100), @p62='?', @p63='?', @p64='?' (Size = 500), @p65='?' (Size = 100), @p66='?', @p67='?', @p68='?' (Size = 500), @p69='?' (Size = 100), @p70='?', @p71='?', @p72='?' (Size = 500), @p73='?' (Size = 100)], CommandType='Text', CommandTimeout='30']
SET NOCOUNT ON;
INSERT INTO [Books] ([Id], [AuthorId], [Description], [Title])
VALUES (@p30, @p31, @p32, @p33),
(@p34, @p35, @p36, @p37),
(@p38, @p39, @p40, @p41),
(@p42, @p43, @p44, @p45),
(@p46, @p47, @p48, @p49),
(@p50, @p51, @p52, @p53),
(@p54, @p55, @p56, @p57),
(@p58, @p59, @p60, @p61),
(@p62, @p63, @p64, @p65),
(@p66, @p67, @p68, @p69),
(@p70, @p71, @p72, @p73); 
2017-12-21 23:06:08.1487||Microsoft.AspNetCore.Hosting.Internal.WebHost|INFO|Request starting HTTP/1.1 GET http://localhost:5000/api/authors?orderBy=name%20desc   
2017-12-21 23:06:08.6952||Microsoft.AspNetCore.Mvc.Internal.ControllerActionInvoker|INFO|Executing action method Library.API.Controllers.AuthorsController.GetAuthors (Library.API) with arguments (Library.Shared.AuthorsResourceParameters) - ModelState is Valid 
2017-12-21 23:06:13.0411||Microsoft.EntityFrameworkCore.Infrastructure|INFO|Entity Framework Core 2.0.1-rtm-125 initialized 'LibraryContext' using provider 'Microsoft.EntityFrameworkCore.SqlServer' with options: None 
2017-12-21 23:06:13.4730||Microsoft.EntityFrameworkCore.Database.Command|INFO|Executed DbCommand (1ms) [Parameters=[], CommandType='Text', CommandTimeout='30']
SELECT COUNT(*)
FROM [Authors] AS [a] 
2017-12-21 23:06:13.5999||Microsoft.EntityFrameworkCore.Database.Command|INFO|Executed DbCommand (26ms) [Parameters=[@__p_0='?', @__p_1='?'], CommandType='Text', CommandTimeout='30']
SELECT [a].[Id], [a].[DateOfBirth], [a].[FirstName], [a].[Genre], [a].[LastName]
FROM [Authors] AS [a]
ORDER BY [a].[FirstName] DESC, [a].[LastName] DESC
OFFSET @__p_0 ROWS FETCH NEXT @__p_1 ROWS ONLY 
2017-12-21 23:06:13.7437||Microsoft.AspNetCore.Mvc.Internal.ObjectResultExecutor|INFO|Executing ObjectResult, writing value Microsoft.AspNetCore.Mvc.ControllerContext. 
2017-12-21 23:06:13.7937||Microsoft.AspNetCore.Mvc.Internal.ControllerActionInvoker|INFO|Executed action Library.API.Controllers.AuthorsController.GetAuthors (Library.API) in 5170.4891ms 
2017-12-21 23:06:13.8074||Microsoft.AspNetCore.Hosting.Internal.WebHost|INFO|Request finished in 5667.2959ms 200 application/json; charset=utf-8 
2017-12-21 23:24:11.6760||Microsoft.AspNetCore.Hosting.Internal.WebHost|INFO|Request starting HTTP/1.1 GET http://localhost:5000/api/authors?searchQuery%20=%20ad&searchQuery=ad   
2017-12-21 23:24:11.6885||Microsoft.AspNetCore.Mvc.Internal.ControllerActionInvoker|INFO|Executing action method Library.API.Controllers.AuthorsController.GetAuthors (Library.API) with arguments (Library.Shared.AuthorsResourceParameters) - ModelState is Valid 
2017-12-21 23:24:11.7381||Microsoft.EntityFrameworkCore.Infrastructure|INFO|Entity Framework Core 2.0.1-rtm-125 initialized 'LibraryContext' using provider 'Microsoft.EntityFrameworkCore.SqlServer' with options: None 
2017-12-21 23:24:11.9077||Microsoft.EntityFrameworkCore.Query|WARN|The LINQ expression 'where (([<generated>_3].Genre.ToLowerInvariant().Contains(__searchQueryForWhereClause_0) OrElse [<generated>_3].FirstName.ToLowerInvariant().Contains(__searchQueryForWhereClause_1)) OrElse [<generated>_3].LastName.ToLowerInvariant().Contains(__searchQueryForWhereClause_2))' could not be translated and will be evaluated locally. 
2017-12-21 23:24:11.9394||Microsoft.EntityFrameworkCore.Query|WARN|The LINQ expression 'Count()' could not be translated and will be evaluated locally. 
2017-12-21 23:24:12.0093||Microsoft.EntityFrameworkCore.Database.Command|INFO|Executed DbCommand (43ms) [Parameters=[], CommandType='Text', CommandTimeout='30']
SELECT [a].[Genre], [a].[FirstName], [a].[LastName]
FROM [Authors] AS [a] 
2017-12-21 23:24:12.0371||Microsoft.EntityFrameworkCore.Query|WARN|The LINQ expression 'where (([<generated>_4].Genre.ToLowerInvariant().Contains(__searchQueryForWhereClause_0) OrElse [<generated>_4].FirstName.ToLowerInvariant().Contains(__searchQueryForWhereClause_1)) OrElse [<generated>_4].LastName.ToLowerInvariant().Contains(__searchQueryForWhereClause_2))' could not be translated and will be evaluated locally. 
2017-12-21 23:24:12.0536||Microsoft.EntityFrameworkCore.Query|WARN|The LINQ expression 'Skip(__p_3)' could not be translated and will be evaluated locally. 
2017-12-21 23:24:12.0678||Microsoft.EntityFrameworkCore.Query|WARN|The LINQ expression 'Take(__p_4)' could not be translated and will be evaluated locally. 
2017-12-21 23:24:12.0847||Microsoft.EntityFrameworkCore.Database.Command|INFO|Executed DbCommand (2ms) [Parameters=[], CommandType='Text', CommandTimeout='30']
SELECT [a].[Id], [a].[DateOfBirth], [a].[FirstName], [a].[Genre], [a].[LastName]
FROM [Authors] AS [a]
ORDER BY [a].[FirstName], [a].[LastName] 
2017-12-21 23:24:12.0847||Microsoft.AspNetCore.Mvc.Internal.ObjectResultExecutor|INFO|Executing ObjectResult, writing value Microsoft.AspNetCore.Mvc.ControllerContext. 
2017-12-21 23:24:12.1018||Microsoft.AspNetCore.Mvc.Internal.ControllerActionInvoker|INFO|Executed action Library.API.Controllers.AuthorsController.GetAuthors (Library.API) in 416.2119ms 
2017-12-21 23:24:12.1221||Microsoft.AspNetCore.Hosting.Internal.WebHost|INFO|Request finished in 446.2646ms 200 application/json; charset=utf-8 
2017-12-21 23:24:43.3520||Microsoft.AspNetCore.Hosting.Internal.WebHost|INFO|Request starting HTTP/1.1 GET http://localhost:5000/api/authors?searchQuery%20=%20scie&searchQuery=scie   
2017-12-21 23:24:43.3520||Microsoft.AspNetCore.Mvc.Internal.ControllerActionInvoker|INFO|Executing action method Library.API.Controllers.AuthorsController.GetAuthors (Library.API) with arguments (Library.Shared.AuthorsResourceParameters) - ModelState is Valid 
2017-12-21 23:24:43.3927||Microsoft.EntityFrameworkCore.Infrastructure|INFO|Entity Framework Core 2.0.1-rtm-125 initialized 'LibraryContext' using provider 'Microsoft.EntityFrameworkCore.SqlServer' with options: None 
2017-12-21 23:24:43.4303||Microsoft.EntityFrameworkCore.Database.Command|INFO|Executed DbCommand (1ms) [Parameters=[], CommandType='Text', CommandTimeout='30']
SELECT [a].[Genre], [a].[FirstName], [a].[LastName]
FROM [Authors] AS [a] 
2017-12-21 23:24:43.4443||Microsoft.EntityFrameworkCore.Database.Command|INFO|Executed DbCommand (3ms) [Parameters=[], CommandType='Text', CommandTimeout='30']
SELECT [a].[Id], [a].[DateOfBirth], [a].[FirstName], [a].[Genre], [a].[LastName]
FROM [Authors] AS [a]
ORDER BY [a].[FirstName], [a].[LastName] 
2017-12-21 23:24:43.4443||Microsoft.AspNetCore.Mvc.Internal.ObjectResultExecutor|INFO|Executing ObjectResult, writing value Microsoft.AspNetCore.Mvc.ControllerContext. 
2017-12-21 23:24:43.4443||Microsoft.AspNetCore.Mvc.Internal.ControllerActionInvoker|INFO|Executed action Library.API.Controllers.AuthorsController.GetAuthors (Library.API) in 94.7207ms 
2017-12-21 23:24:43.4654||Microsoft.AspNetCore.Hosting.Internal.WebHost|INFO|Request finished in 113.3016ms 200 application/json; charset=utf-8 
2017-12-21 23:24:57.4738||Microsoft.AspNetCore.Hosting.Internal.WebHost|INFO|Request starting HTTP/1.1 GET http://localhost:5000/api/authors?searchQuery%20=%20fan&searchQuery=fan   
2017-12-21 23:24:57.4738||Microsoft.AspNetCore.Mvc.Internal.ControllerActionInvoker|INFO|Executing action method Library.API.Controllers.AuthorsController.GetAuthors (Library.API) with arguments (Library.Shared.AuthorsResourceParameters) - ModelState is Valid 
2017-12-21 23:24:57.4738||Microsoft.EntityFrameworkCore.Infrastructure|INFO|Entity Framework Core 2.0.1-rtm-125 initialized 'LibraryContext' using provider 'Microsoft.EntityFrameworkCore.SqlServer' with options: None 
2017-12-21 23:24:57.4997||Microsoft.EntityFrameworkCore.Database.Command|INFO|Executed DbCommand (1ms) [Parameters=[], CommandType='Text', CommandTimeout='30']
SELECT [a].[Genre], [a].[FirstName], [a].[LastName]
FROM [Authors] AS [a] 
2017-12-21 23:24:57.5091||Microsoft.EntityFrameworkCore.Database.Command|INFO|Executed DbCommand (2ms) [Parameters=[], CommandType='Text', CommandTimeout='30']
SELECT [a].[Id], [a].[DateOfBirth], [a].[FirstName], [a].[Genre], [a].[LastName]
FROM [Authors] AS [a]
ORDER BY [a].[FirstName], [a].[LastName] 
2017-12-21 23:24:57.5091||Microsoft.AspNetCore.Mvc.Internal.ObjectResultExecutor|INFO|Executing ObjectResult, writing value Microsoft.AspNetCore.Mvc.ControllerContext. 
2017-12-21 23:24:57.5229||Microsoft.AspNetCore.Mvc.Internal.ControllerActionInvoker|INFO|Executed action Library.API.Controllers.AuthorsController.GetAuthors (Library.API) in 41.8891ms 
2017-12-21 23:24:57.5412||Microsoft.AspNetCore.Hosting.Internal.WebHost|INFO|Request finished in 67.4711ms 200 application/json; charset=utf-8 
