2017-12-06 14:06:54.5935||Microsoft.AspNetCore.DataProtection.KeyManagement.XmlKeyManager|INFO|User profile is available. Using 'C:\Users\PPT-DEV-02\AppData\Local\ASP.NET\DataProtection-Keys' as key repository and Windows DPAPI to encrypt keys at rest. 
2017-12-06 14:07:01.0154||Microsoft.EntityFrameworkCore.Infrastructure|INFO|Entity Framework Core 2.0.1-rtm-125 initialized 'LibraryContext' using provider 'Microsoft.EntityFrameworkCore.SqlServer' with options: None 
2017-12-06 14:11:11.3252||Microsoft.AspNetCore.DataProtection.KeyManagement.XmlKeyManager|INFO|User profile is available. Using 'C:\Users\PPT-DEV-02\AppData\Local\ASP.NET\DataProtection-Keys' as key repository and Windows DPAPI to encrypt keys at rest. 
2017-12-06 14:11:13.2685||Microsoft.EntityFrameworkCore.Infrastructure|INFO|Entity Framework Core 2.0.1-rtm-125 initialized 'LibraryContext' using provider 'Microsoft.EntityFrameworkCore.SqlServer' with options: None 
2017-12-06 14:11:31.5433||Microsoft.EntityFrameworkCore.Database.Command|INFO|Executed DbCommand (941ms) [Parameters=[], CommandType='Text', CommandTimeout='60']
CREATE DATABASE [LibraryDB]; 
2017-12-06 14:11:35.4376||Microsoft.EntityFrameworkCore.Database.Command|INFO|Executed DbCommand (812ms) [Parameters=[], CommandType='Text', CommandTimeout='60']
IF SERVERPROPERTY('EngineEdition') <> 5 EXEC(N'ALTER DATABASE [LibraryDB] SET READ_COMMITTED_SNAPSHOT ON;'); 
2017-12-06 14:11:36.9398||Microsoft.EntityFrameworkCore.Database.Command|INFO|Executed DbCommand (153ms) [Parameters=[], CommandType='Text', CommandTimeout='30']
CREATE TABLE [__EFMigrationsHistory] (
    [MigrationId] nvarchar(150) NOT NULL,
    [ProductVersion] nvarchar(32) NOT NULL,
    CONSTRAINT [PK___EFMigrationsHistory] PRIMARY KEY ([MigrationId])
); 
2017-12-06 14:11:37.2665||Microsoft.EntityFrameworkCore.Database.Command|INFO|Executed DbCommand (308ms) [Parameters=[], CommandType='Text', CommandTimeout='30']
SELECT OBJECT_ID(N'__EFMigrationsHistory'); 
2017-12-06 14:11:37.3460||Microsoft.EntityFrameworkCore.Database.Command|INFO|Executed DbCommand (68ms) [Parameters=[], CommandType='Text', CommandTimeout='30']
SELECT [MigrationId], [ProductVersion]
FROM [__EFMigrationsHistory]
ORDER BY [MigrationId]; 
2017-12-06 14:11:37.3460||Microsoft.EntityFrameworkCore.Migrations|INFO|Applying migration '20171126033830_InitialMigration'. 
2017-12-06 14:11:37.4879||Microsoft.EntityFrameworkCore.Database.Command|INFO|Executed DbCommand (30ms) [Parameters=[], CommandType='Text', CommandTimeout='30']
CREATE TABLE [Authors] (
    [Id] uniqueidentifier NOT NULL,
    [DateOfBirth] datetimeoffset NOT NULL,
    [FirstName] nvarchar(50) NOT NULL,
    [Genre] nvarchar(50) NOT NULL,
    [LastName] nvarchar(50) NOT NULL,
    CONSTRAINT [PK_Authors] PRIMARY KEY ([Id])
); 
2017-12-06 14:11:37.6434||Microsoft.EntityFrameworkCore.Database.Command|INFO|Executed DbCommand (146ms) [Parameters=[], CommandType='Text', CommandTimeout='30']
CREATE TABLE [Books] (
    [Id] uniqueidentifier NOT NULL,
    [AuthorId] uniqueidentifier NOT NULL,
    [Description] nvarchar(500) NULL,
    [Title] nvarchar(100) NOT NULL,
    CONSTRAINT [PK_Books] PRIMARY KEY ([Id]),
    CONSTRAINT [FK_Books_Authors_AuthorId] FOREIGN KEY ([AuthorId]) REFERENCES [Authors] ([Id]) ON DELETE CASCADE
); 
2017-12-06 14:11:37.7479||Microsoft.EntityFrameworkCore.Database.Command|INFO|Executed DbCommand (94ms) [Parameters=[], CommandType='Text', CommandTimeout='30']
CREATE INDEX [IX_Books_AuthorId] ON [Books] ([AuthorId]); 
2017-12-06 14:11:37.9100||Microsoft.EntityFrameworkCore.Database.Command|INFO|Executed DbCommand (151ms) [Parameters=[], CommandType='Text', CommandTimeout='30']
INSERT INTO [__EFMigrationsHistory] ([MigrationId], [ProductVersion])
VALUES (N'20171126033830_InitialMigration', N'2.0.1-rtm-125'); 
2017-12-06 14:11:38.6828||Microsoft.EntityFrameworkCore.Database.Command|INFO|Executed DbCommand (0ms) [Parameters=[], CommandType='Text', CommandTimeout='30']
SELECT [a].[Id], [a].[DateOfBirth], [a].[FirstName], [a].[Genre], [a].[LastName]
FROM [Authors] AS [a] 
2017-12-06 14:11:39.5310||Microsoft.EntityFrameworkCore.Database.Command|INFO|Executed DbCommand (288ms) [Parameters=[@p0='?', @p1='?', @p2='?' (Size = 50), @p3='?' (Size = 50), @p4='?' (Size = 50), @p5='?', @p6='?', @p7='?' (Size = 50), @p8='?' (Size = 50), @p9='?' (Size = 50), @p10='?', @p11='?', @p12='?' (Size = 50), @p13='?' (Size = 50), @p14='?' (Size = 50), @p15='?', @p16='?', @p17='?' (Size = 50), @p18='?' (Size = 50), @p19='?' (Size = 50), @p20='?', @p21='?', @p22='?' (Size = 50), @p23='?' (Size = 50), @p24='?' (Size = 50), @p25='?', @p26='?', @p27='?' (Size = 50), @p28='?' (Size = 50), @p29='?' (Size = 50)], CommandType='Text', CommandTimeout='30']
SET NOCOUNT ON;
INSERT INTO [Authors] ([Id], [DateOfBirth], [FirstName], [Genre], [LastName])
VALUES (@p0, @p1, @p2, @p3, @p4),
(@p5, @p6, @p7, @p8, @p9),
(@p10, @p11, @p12, @p13, @p14),
(@p15, @p16, @p17, @p18, @p19),
(@p20, @p21, @p22, @p23, @p24),
(@p25, @p26, @p27, @p28, @p29); 
2017-12-06 14:11:40.8667||Microsoft.EntityFrameworkCore.Database.Command|INFO|Executed DbCommand (320ms) [Parameters=[@p30='?', @p31='?', @p32='?' (Size = 500), @p33='?' (Size = 100), @p34='?', @p35='?', @p36='?' (Size = 500), @p37='?' (Size = 100), @p38='?', @p39='?', @p40='?' (Size = 500), @p41='?' (Size = 100), @p42='?', @p43='?', @p44='?' (Size = 500), @p45='?' (Size = 100), @p46='?', @p47='?', @p48='?' (Size = 500), @p49='?' (Size = 100), @p50='?', @p51='?', @p52='?' (Size = 500), @p53='?' (Size = 100), @p54='?', @p55='?', @p56='?' (Size = 500), @p57='?' (Size = 100), @p58='?', @p59='?', @p60='?' (Size = 500), @p61='?' (Size = 100), @p62='?', @p63='?', @p64='?' (Size = 500), @p65='?' (Size = 100), @p66='?', @p67='?', @p68='?' (Size = 500), @p69='?' (Size = 100), @p70='?', @p71='?', @p72='?' (Size = 500), @p73='?' (Size = 100)], CommandType='Text', CommandTimeout='30']
SET NOCOUNT ON;
INSERT INTO [Books] ([Id], [AuthorId], [Description], [Title])
VALUES (@p30, @p31, @p32, @p33),
(@p34, @p35, @p36, @p37),
(@p38, @p39, @p40, @p41),
(@p42, @p43, @p44, @p45),
(@p46, @p47, @p48, @p49),
(@p50, @p51, @p52, @p53),
(@p54, @p55, @p56, @p57),
(@p58, @p59, @p60, @p61),
(@p62, @p63, @p64, @p65),
(@p66, @p67, @p68, @p69),
(@p70, @p71, @p72, @p73); 
2017-12-06 14:14:27.6378||Microsoft.AspNetCore.Hosting.Internal.WebHost|INFO|Request starting HTTP/1.1 GET http://localhost:5000/api/authors?pageSize=2&pageNumber=1   
2017-12-06 14:14:31.2373||Microsoft.AspNetCore.Mvc.Internal.ControllerActionInvoker|INFO|Executing action method Library.API.Controllers.AuthorsController.GetAuthors (Library.API) with arguments (Library.Shared.AuthorsResourceParameters) - ModelState is Valid 
2017-12-06 14:14:31.3453||Microsoft.EntityFrameworkCore.Infrastructure|INFO|Entity Framework Core 2.0.1-rtm-125 initialized 'LibraryContext' using provider 'Microsoft.EntityFrameworkCore.SqlServer' with options: None 
2017-12-06 14:14:31.6416||Microsoft.EntityFrameworkCore.Database.Command|INFO|Executed DbCommand (72ms) [Parameters=[], CommandType='Text', CommandTimeout='30']
SELECT COUNT(*)
FROM [Authors] AS [a] 
2017-12-06 14:14:32.0424||Microsoft.EntityFrameworkCore.Database.Command|INFO|Executed DbCommand (240ms) [Parameters=[@__p_0='?', @__p_1='?'], CommandType='Text', CommandTimeout='30']
SELECT [a].[Id], [a].[DateOfBirth], [a].[FirstName], [a].[Genre], [a].[LastName]
FROM [Authors] AS [a]
ORDER BY [a].[FirstName], [a].[LastName]
OFFSET @__p_0 ROWS FETCH NEXT @__p_1 ROWS ONLY 
2017-12-06 14:14:37.5447||Microsoft.AspNetCore.Mvc.Internal.ObjectResultExecutor|INFO|Executing ObjectResult, writing value Microsoft.AspNetCore.Mvc.ControllerContext. 
2017-12-06 14:14:37.9188||Microsoft.AspNetCore.Mvc.Internal.ControllerActionInvoker|INFO|Executed action Library.API.Controllers.AuthorsController.GetAuthors (Library.API) in 6891.3663ms 
2017-12-06 14:14:37.9372||Microsoft.AspNetCore.Hosting.Internal.WebHost|INFO|Request finished in 10305.3808ms 200 application/json; charset=utf-8 
2017-12-06 14:16:27.9938||Microsoft.AspNetCore.Hosting.Internal.WebHost|INFO|Request starting HTTP/1.1 GET http://localhost:5000/api/authors?pageNumber=2&pageSize=2   
2017-12-06 14:16:28.0675||Microsoft.AspNetCore.Mvc.Internal.ControllerActionInvoker|INFO|Executing action method Library.API.Controllers.AuthorsController.GetAuthors (Library.API) with arguments (Library.Shared.AuthorsResourceParameters) - ModelState is Valid 
2017-12-06 14:16:28.1050||Microsoft.EntityFrameworkCore.Infrastructure|INFO|Entity Framework Core 2.0.1-rtm-125 initialized 'LibraryContext' using provider 'Microsoft.EntityFrameworkCore.SqlServer' with options: None 
2017-12-06 14:16:28.1232||Microsoft.EntityFrameworkCore.Database.Command|INFO|Executed DbCommand (2ms) [Parameters=[], CommandType='Text', CommandTimeout='30']
SELECT COUNT(*)
FROM [Authors] AS [a] 
2017-12-06 14:16:28.1502||Microsoft.EntityFrameworkCore.Database.Command|INFO|Executed DbCommand (5ms) [Parameters=[@__p_0='?', @__p_1='?'], CommandType='Text', CommandTimeout='30']
SELECT [a].[Id], [a].[DateOfBirth], [a].[FirstName], [a].[Genre], [a].[LastName]
FROM [Authors] AS [a]
ORDER BY [a].[FirstName], [a].[LastName]
OFFSET @__p_0 ROWS FETCH NEXT @__p_1 ROWS ONLY 
2017-12-06 14:16:37.0636||Microsoft.AspNetCore.Mvc.Internal.ObjectResultExecutor|INFO|Executing ObjectResult, writing value Microsoft.AspNetCore.Mvc.ControllerContext. 
2017-12-06 14:16:37.0808||Microsoft.AspNetCore.Mvc.Internal.ControllerActionInvoker|INFO|Executed action Library.API.Controllers.AuthorsController.GetAuthors (Library.API) in 9042.0847ms 
2017-12-06 14:16:37.1256||Microsoft.AspNetCore.Hosting.Internal.WebHost|INFO|Request finished in 9132.0239ms 200 application/json; charset=utf-8 
2017-12-06 14:16:42.8100||Microsoft.AspNetCore.Hosting.Internal.WebHost|INFO|Request starting HTTP/1.1 GET http://localhost:5000/api/authors?pageNumber=2&pageSize=2   
2017-12-06 14:16:42.8447||Microsoft.AspNetCore.Mvc.Internal.ControllerActionInvoker|INFO|Executing action method Library.API.Controllers.AuthorsController.GetAuthors (Library.API) with arguments (Library.Shared.AuthorsResourceParameters) - ModelState is Valid 
2017-12-06 14:16:42.8640||Microsoft.EntityFrameworkCore.Infrastructure|INFO|Entity Framework Core 2.0.1-rtm-125 initialized 'LibraryContext' using provider 'Microsoft.EntityFrameworkCore.SqlServer' with options: None 
2017-12-06 14:16:42.8800||Microsoft.EntityFrameworkCore.Database.Command|INFO|Executed DbCommand (0ms) [Parameters=[], CommandType='Text', CommandTimeout='30']
SELECT COUNT(*)
FROM [Authors] AS [a] 
2017-12-06 14:16:42.8994||Microsoft.EntityFrameworkCore.Database.Command|INFO|Executed DbCommand (7ms) [Parameters=[@__p_0='?', @__p_1='?'], CommandType='Text', CommandTimeout='30']
SELECT [a].[Id], [a].[DateOfBirth], [a].[FirstName], [a].[Genre], [a].[LastName]
FROM [Authors] AS [a]
ORDER BY [a].[FirstName], [a].[LastName]
OFFSET @__p_0 ROWS FETCH NEXT @__p_1 ROWS ONLY 
2017-12-06 14:16:42.9128||Microsoft.AspNetCore.Mvc.Internal.ObjectResultExecutor|INFO|Executing ObjectResult, writing value Microsoft.AspNetCore.Mvc.ControllerContext. 
2017-12-06 14:16:42.9243||Microsoft.AspNetCore.Mvc.Internal.ControllerActionInvoker|INFO|Executed action Library.API.Controllers.AuthorsController.GetAuthors (Library.API) in 80.6067ms 
2017-12-06 14:16:42.9243||Microsoft.AspNetCore.Hosting.Internal.WebHost|INFO|Request finished in 127.0456ms 200 application/json; charset=utf-8 
2017-12-06 20:44:45.4636||Microsoft.AspNetCore.DataProtection.KeyManagement.XmlKeyManager|INFO|User profile is available. Using 'C:\Users\DGreen\AppData\Local\ASP.NET\DataProtection-Keys' as key repository and Windows DPAPI to encrypt keys at rest. 
2017-12-06 20:44:49.6783||Microsoft.EntityFrameworkCore.Infrastructure|INFO|Entity Framework Core 2.0.1-rtm-125 initialized 'LibraryContext' using provider 'Microsoft.EntityFrameworkCore.SqlServer' with options: None 
2017-12-06 20:49:13.8154||Microsoft.AspNetCore.DataProtection.KeyManagement.XmlKeyManager|INFO|User profile is available. Using 'C:\Users\DGreen\AppData\Local\ASP.NET\DataProtection-Keys' as key repository and Windows DPAPI to encrypt keys at rest. 
2017-12-06 20:49:16.5968||Microsoft.EntityFrameworkCore.Infrastructure|INFO|Entity Framework Core 2.0.1-rtm-125 initialized 'LibraryContext' using provider 'Microsoft.EntityFrameworkCore.SqlServer' with options: None 
2017-12-06 20:49:17.2440||Microsoft.EntityFrameworkCore.Database.Command|INFO|Executed DbCommand (42ms) [Parameters=[], CommandType='Text', CommandTimeout='30']
SELECT OBJECT_ID(N'__EFMigrationsHistory'); 
2017-12-06 20:49:17.2694||Microsoft.EntityFrameworkCore.Database.Command|INFO|Executed DbCommand (2ms) [Parameters=[], CommandType='Text', CommandTimeout='30']
SELECT OBJECT_ID(N'__EFMigrationsHistory'); 
2017-12-06 20:49:17.4052||Microsoft.EntityFrameworkCore.Database.Command|INFO|Executed DbCommand (15ms) [Parameters=[], CommandType='Text', CommandTimeout='30']
SELECT [MigrationId], [ProductVersion]
FROM [__EFMigrationsHistory]
ORDER BY [MigrationId]; 
2017-12-06 20:49:17.4911||Microsoft.EntityFrameworkCore.Migrations|INFO|No migrations were applied. The database is already up to date. 
2017-12-06 20:49:18.3968||Microsoft.EntityFrameworkCore.Database.Command|INFO|Executed DbCommand (2ms) [Parameters=[], CommandType='Text', CommandTimeout='30']
SELECT [a].[Id], [a].[DateOfBirth], [a].[FirstName], [a].[Genre], [a].[LastName]
FROM [Authors] AS [a] 
2017-12-06 20:49:19.3258||Microsoft.EntityFrameworkCore.Database.Command|INFO|Executed DbCommand (262ms) [Parameters=[@p0='?', @p1='?', @p2='?', @p3='?', @p4='?', @p5='?'], CommandType='Text', CommandTimeout='30']
SET NOCOUNT ON;
DELETE FROM [Authors]
WHERE [Id] = @p0;
SELECT @@ROWCOUNT;

DELETE FROM [Authors]
WHERE [Id] = @p1;
SELECT @@ROWCOUNT;

DELETE FROM [Authors]
WHERE [Id] = @p2;
SELECT @@ROWCOUNT;

DELETE FROM [Authors]
WHERE [Id] = @p3;
SELECT @@ROWCOUNT;

DELETE FROM [Authors]
WHERE [Id] = @p4;
SELECT @@ROWCOUNT;

DELETE FROM [Authors]
WHERE [Id] = @p5;
SELECT @@ROWCOUNT; 
2017-12-06 20:49:19.5406||Microsoft.EntityFrameworkCore.Database.Command|INFO|Executed DbCommand (4ms) [Parameters=[@p0='?', @p1='?', @p2='?' (Size = 50), @p3='?' (Size = 50), @p4='?' (Size = 50), @p5='?', @p6='?', @p7='?' (Size = 50), @p8='?' (Size = 50), @p9='?' (Size = 50), @p10='?', @p11='?', @p12='?' (Size = 50), @p13='?' (Size = 50), @p14='?' (Size = 50), @p15='?', @p16='?', @p17='?' (Size = 50), @p18='?' (Size = 50), @p19='?' (Size = 50), @p20='?', @p21='?', @p22='?' (Size = 50), @p23='?' (Size = 50), @p24='?' (Size = 50), @p25='?', @p26='?', @p27='?' (Size = 50), @p28='?' (Size = 50), @p29='?' (Size = 50)], CommandType='Text', CommandTimeout='30']
SET NOCOUNT ON;
INSERT INTO [Authors] ([Id], [DateOfBirth], [FirstName], [Genre], [LastName])
VALUES (@p0, @p1, @p2, @p3, @p4),
(@p5, @p6, @p7, @p8, @p9),
(@p10, @p11, @p12, @p13, @p14),
(@p15, @p16, @p17, @p18, @p19),
(@p20, @p21, @p22, @p23, @p24),
(@p25, @p26, @p27, @p28, @p29); 
2017-12-06 20:49:19.5589||Microsoft.EntityFrameworkCore.Database.Command|INFO|Executed DbCommand (9ms) [Parameters=[@p30='?', @p31='?', @p32='?' (Size = 500), @p33='?' (Size = 100), @p34='?', @p35='?', @p36='?' (Size = 500), @p37='?' (Size = 100), @p38='?', @p39='?', @p40='?' (Size = 500), @p41='?' (Size = 100), @p42='?', @p43='?', @p44='?' (Size = 500), @p45='?' (Size = 100), @p46='?', @p47='?', @p48='?' (Size = 500), @p49='?' (Size = 100), @p50='?', @p51='?', @p52='?' (Size = 500), @p53='?' (Size = 100), @p54='?', @p55='?', @p56='?' (Size = 500), @p57='?' (Size = 100), @p58='?', @p59='?', @p60='?' (Size = 500), @p61='?' (Size = 100), @p62='?', @p63='?', @p64='?' (Size = 500), @p65='?' (Size = 100), @p66='?', @p67='?', @p68='?' (Size = 500), @p69='?' (Size = 100), @p70='?', @p71='?', @p72='?' (Size = 500), @p73='?' (Size = 100)], CommandType='Text', CommandTimeout='30']
SET NOCOUNT ON;
INSERT INTO [Books] ([Id], [AuthorId], [Description], [Title])
VALUES (@p30, @p31, @p32, @p33),
(@p34, @p35, @p36, @p37),
(@p38, @p39, @p40, @p41),
(@p42, @p43, @p44, @p45),
(@p46, @p47, @p48, @p49),
(@p50, @p51, @p52, @p53),
(@p54, @p55, @p56, @p57),
(@p58, @p59, @p60, @p61),
(@p62, @p63, @p64, @p65),
(@p66, @p67, @p68, @p69),
(@p70, @p71, @p72, @p73); 
2017-12-06 20:49:40.1150||Microsoft.AspNetCore.Hosting.Internal.WebHost|INFO|Request starting HTTP/1.1 GET http://localhost:5000/api/authors?genre=Fantasy   
2017-12-06 20:49:41.1554||Microsoft.AspNetCore.Mvc.Internal.ControllerActionInvoker|INFO|Executing action method Library.API.Controllers.AuthorsController.GetAuthors (Library.API) with arguments (Library.Shared.AuthorsResourceParameters) - ModelState is Valid 
2017-12-06 20:49:41.2090||Microsoft.EntityFrameworkCore.Infrastructure|INFO|Entity Framework Core 2.0.1-rtm-125 initialized 'LibraryContext' using provider 'Microsoft.EntityFrameworkCore.SqlServer' with options: None 
2017-12-06 20:49:41.5396||Microsoft.EntityFrameworkCore.Query|WARN|The LINQ expression 'where ([a].Genre.ToLowerInvariant() == __genreForWhereClause_0)' could not be translated and will be evaluated locally. 
2017-12-06 20:49:41.5943||Microsoft.EntityFrameworkCore.Query|WARN|The LINQ expression 'Count()' could not be translated and will be evaluated locally. 
2017-12-06 20:49:41.6328||Microsoft.EntityFrameworkCore.Database.Command|INFO|Executed DbCommand (1ms) [Parameters=[], CommandType='Text', CommandTimeout='30']
SELECT [a].[Genre]
FROM [Authors] AS [a] 
2017-12-06 20:49:41.6803||Microsoft.EntityFrameworkCore.Query|WARN|The LINQ expression 'where ([a].Genre.ToLowerInvariant() == __genreForWhereClause_0)' could not be translated and will be evaluated locally. 
2017-12-06 20:49:41.6961||Microsoft.EntityFrameworkCore.Query|WARN|The LINQ expression 'Skip(__p_1)' could not be translated and will be evaluated locally. 
2017-12-06 20:49:41.7114||Microsoft.EntityFrameworkCore.Query|WARN|The LINQ expression 'Take(__p_2)' could not be translated and will be evaluated locally. 
2017-12-06 20:49:41.7305||Microsoft.EntityFrameworkCore.Database.Command|INFO|Executed DbCommand (2ms) [Parameters=[], CommandType='Text', CommandTimeout='30']
SELECT [a].[Id], [a].[DateOfBirth], [a].[FirstName], [a].[Genre], [a].[LastName]
FROM [Authors] AS [a]
ORDER BY [a].[FirstName], [a].[LastName] 
2017-12-06 20:49:41.9758||Microsoft.AspNetCore.Mvc.Internal.ObjectResultExecutor|INFO|Executing ObjectResult, writing value Microsoft.AspNetCore.Mvc.ControllerContext. 
2017-12-06 20:49:42.0995||Microsoft.AspNetCore.Mvc.Internal.ControllerActionInvoker|INFO|Executed action Library.API.Controllers.AuthorsController.GetAuthors (Library.API) in 1083.9878ms 
2017-12-06 20:49:42.1651||Microsoft.AspNetCore.Hosting.Internal.WebHost|INFO|Request finished in 2062.0416ms 200 application/json; charset=utf-8 
2017-12-06 20:57:09.9185||Microsoft.AspNetCore.Hosting.Internal.WebHost|INFO|Request starting HTTP/1.1 GET http://localhost:5000/api/authors?pageNumber=1&pageSize=2&genre=Fantasy   
2017-12-06 20:57:09.9685||Microsoft.AspNetCore.Mvc.Internal.ControllerActionInvoker|INFO|Executing action method Library.API.Controllers.AuthorsController.GetAuthors (Library.API) with arguments (Library.Shared.AuthorsResourceParameters) - ModelState is Valid 
2017-12-06 20:57:10.0019||Microsoft.EntityFrameworkCore.Infrastructure|INFO|Entity Framework Core 2.0.1-rtm-125 initialized 'LibraryContext' using provider 'Microsoft.EntityFrameworkCore.SqlServer' with options: None 
2017-12-06 20:57:10.0840||Microsoft.EntityFrameworkCore.Database.Command|INFO|Executed DbCommand (3ms) [Parameters=[], CommandType='Text', CommandTimeout='30']
SELECT [a].[Genre]
FROM [Authors] AS [a] 
2017-12-06 20:57:10.0979||Microsoft.EntityFrameworkCore.Database.Command|INFO|Executed DbCommand (2ms) [Parameters=[], CommandType='Text', CommandTimeout='30']
SELECT [a].[Id], [a].[DateOfBirth], [a].[FirstName], [a].[Genre], [a].[LastName]
FROM [Authors] AS [a]
ORDER BY [a].[FirstName], [a].[LastName] 
2017-12-06 20:57:10.1073||Microsoft.AspNetCore.Mvc.Internal.ObjectResultExecutor|INFO|Executing ObjectResult, writing value Microsoft.AspNetCore.Mvc.ControllerContext. 
2017-12-06 20:57:10.1073||Microsoft.AspNetCore.Mvc.Internal.ControllerActionInvoker|INFO|Executed action Library.API.Controllers.AuthorsController.GetAuthors (Library.API) in 155.306ms 
2017-12-06 20:57:10.1283||Microsoft.AspNetCore.Hosting.Internal.WebHost|INFO|Request finished in 210.0459ms 200 application/json; charset=utf-8 
2017-12-06 21:02:00.3325||Microsoft.AspNetCore.Hosting.Internal.WebHost|INFO|Request starting HTTP/1.1 GET http://localhost:5000/api/authors?pageNumber=1&pageSize=2&genre=Fantasy   
2017-12-06 21:02:00.3463||Microsoft.AspNetCore.Mvc.Internal.ControllerActionInvoker|INFO|Executing action method Library.API.Controllers.AuthorsController.GetAuthors (Library.API) with arguments (Library.Shared.AuthorsResourceParameters) - ModelState is Valid 
2017-12-06 21:02:15.4656||Microsoft.EntityFrameworkCore.Infrastructure|INFO|Entity Framework Core 2.0.1-rtm-125 initialized 'LibraryContext' using provider 'Microsoft.EntityFrameworkCore.SqlServer' with options: None 
2017-12-06 21:02:15.4954||Microsoft.EntityFrameworkCore.Database.Command|INFO|Executed DbCommand (5ms) [Parameters=[], CommandType='Text', CommandTimeout='30']
SELECT [a].[Genre]
FROM [Authors] AS [a] 
2017-12-06 21:02:15.5104||Microsoft.EntityFrameworkCore.Database.Command|INFO|Executed DbCommand (2ms) [Parameters=[], CommandType='Text', CommandTimeout='30']
SELECT [a].[Id], [a].[DateOfBirth], [a].[FirstName], [a].[Genre], [a].[LastName]
FROM [Authors] AS [a]
ORDER BY [a].[FirstName], [a].[LastName] 
2017-12-06 21:02:15.5400||Microsoft.AspNetCore.Mvc.Internal.ObjectResultExecutor|INFO|Executing ObjectResult, writing value Microsoft.AspNetCore.Mvc.ControllerContext. 
2017-12-06 21:02:15.5508||Microsoft.AspNetCore.Mvc.Internal.ControllerActionInvoker|INFO|Executed action Library.API.Controllers.AuthorsController.GetAuthors (Library.API) in 15205.2474ms 
2017-12-06 21:02:15.5696||Microsoft.AspNetCore.Hosting.Internal.WebHost|INFO|Request finished in 15237.0926ms 200 application/json; charset=utf-8 
2017-12-06 21:02:31.6714||Microsoft.AspNetCore.Hosting.Internal.WebHost|INFO|Request starting HTTP/1.1 GET http://localhost:5000/api/authors?pageNumber=1&pageSize=1&genre=Fantasy   
2017-12-06 21:02:31.6858||Microsoft.AspNetCore.Mvc.Internal.ControllerActionInvoker|INFO|Executing action method Library.API.Controllers.AuthorsController.GetAuthors (Library.API) with arguments (Library.Shared.AuthorsResourceParameters) - ModelState is Valid 
2017-12-06 21:02:38.8294||Microsoft.EntityFrameworkCore.Infrastructure|INFO|Entity Framework Core 2.0.1-rtm-125 initialized 'LibraryContext' using provider 'Microsoft.EntityFrameworkCore.SqlServer' with options: None 
2017-12-06 21:02:38.8420||Microsoft.EntityFrameworkCore.Database.Command|INFO|Executed DbCommand (0ms) [Parameters=[], CommandType='Text', CommandTimeout='30']
SELECT [a].[Genre]
FROM [Authors] AS [a] 
2017-12-06 21:02:38.8593||Microsoft.EntityFrameworkCore.Database.Command|INFO|Executed DbCommand (2ms) [Parameters=[], CommandType='Text', CommandTimeout='30']
SELECT [a].[Id], [a].[DateOfBirth], [a].[FirstName], [a].[Genre], [a].[LastName]
FROM [Authors] AS [a]
ORDER BY [a].[FirstName], [a].[LastName] 
2017-12-06 21:02:38.8910||Microsoft.AspNetCore.Mvc.Internal.ObjectResultExecutor|INFO|Executing ObjectResult, writing value Microsoft.AspNetCore.Mvc.ControllerContext. 
2017-12-06 21:02:38.9014||Microsoft.AspNetCore.Mvc.Internal.ControllerActionInvoker|INFO|Executed action Library.API.Controllers.AuthorsController.GetAuthors (Library.API) in 7216.2005ms 
2017-12-06 21:02:38.9193||Microsoft.AspNetCore.Hosting.Internal.WebHost|INFO|Request finished in 7248.0548ms 200 application/json; charset=utf-8 
